31477$Crypto\Cipher\DES3.py
129489$cryptography\hazmat\primitives\ciphers\aead.py
129658$PIL\ImageChops.py
111921$html\entities.py
44042$typing.py
31426$cffi\model.py
111970$pkg_resources\_vendor\packaging\tags.py
102890$comtypes\persist.py
163477$json\scanner.py
19726$gettext.py
164035$PyInstaller\loader\pyiboot01_bootstrap.py
134748$pyaes\util.py
111983$pycparser\plyparser.py
109397$hashlib.py
2026$numpy\matrixlib\defmatrix.py
19777$typing.py
101789$requests\status_codes.py
111892$distutils\command\install.py
134659$jeepney\bus_messages.py
101558$comtypes\messageloop.py
177052$payload.py
103919$email\message.py
164363$cryptography\hazmat\backends\openssl\decode_asn1.py
31692$pkg_resources\_vendor\pyparsing.py
130297$gettext.py
17533$difflib.py
43944$C:\Users\PC\AppData\Local\Programs\Python\Python39\Lib\site-packages\PyInstaller\hooks\rthooks\pyi_rth_win32comgenpy.py
111855$Crypto\Util\_raw_api.py
103469$_pydecimal.py
166015$pydoc.py
2012$numpy\lib\twodim_base.py
31721$pyasn1\compat\string.py
103529$distutils\util.py
2103$PIL\TiffImagePlugin.py
31873$urllib3\util\ssl_.py
2043$numpy\testing\_private\parameterized.py
103578$lib2to3\pgen2\literals.py
17600$typing_extensions.py
136679$mss\windows.py
101273$PIL\DcxImagePlugin.py
103376$c:\users\lolke\appdata\local\programs\python\python39\lib\site-packages\PyInstaller\loader\pyimod01_os_path.py
112002$setuptools\depends.py
136077$typing.py
129180$mimetypes.py
4341$numpy\core\_type_aliases.py
39420$pkgutil.py
129351$comtypes\client\_events.py
101333$PIL\_binary.py
136026$gettext.py
101222$email\message.py
115930$setuptools\namespaces.py
120532$http\client.py
4250$idna\uts46data.py
11881$pydoc.py
101362$xml\etree\ElementTree.py
115870$PIL\PdfParser.py
101140$asyncio\sslproto.py
101391$chunk.py
39482$aiohttp\helpers.py
14014$gettext.py
39602$charset_normalizer\models.py
3940$difflib.py
101280$PIL\FtexImagePlugin.py
101111$zipfile.py
112360$netrc.py
101051$fractions.py
134350$aiohttp\web_request.py
39445$tarfile.py
14342$mss\linux.py
1993$numpy\core\__init__.py
101356$urllib\response.py
101216$email\errors.py
101187$Crypto\Util\_raw_api.py
103082$requests\models.py
112067$win32com\client\dynamic.py
115607$hashlib.py
120417$pydoc.py
101307$PIL\MicImagePlugin.py
101096$string.py
164878$urllib3\response.py
134397$attr\_funcs.py
101247$multiprocessing\context.py
115955$setuptools\_vendor\packaging\requirements.py
112036$setuptools\_vendor\packaging\utils.py
39554$attr\_make.py
31368$typing.py
101065$netrc.py
39776$urllib3\util\ssltransport.py
101125$asyncio\base_subprocess.py
134224$csv.py
101034$bz2.py
134335$aiohttp\payload.py
39727$requests\status_codes.py
39667$idna\core.py
101174$Crypto\Hash\HMAC.py
14170$comtypes\__init__.py
101164$Crypto\Cipher\_mode_eax.py
31329$pdb.py
136220$PIL\Image.py
101024$PyInstaller\loader\pyimod02_archive.py
1970$numpy\core\einsumfunc.py
163329$hashlib.py
103030$logging\__init__.py
101135$asyncio\proactor_events.py
101075$pkgutil.py
114499$pathlib.py
112026$setuptools\command\setopt.py
115945$setuptools\command\py36compat.py
101257$multiprocessing\queues.py
109649$http\client.py
39795$yarl\_url.py
39404$hashlib.py
101086$secrets.py
112077$win32com\server\util.py
101197$distutils\archive_util.py
101206$distutils\log.py
39515$asyncio\base_events.py
162376$comtypes\__init__.py
1983$numpy\core\_add_newdocs.py
101346$unittest\result.py
164839$simplejson\compat.py
134340$aiohttp\tcp_helpers.py
101041$contextlib.py
101101$tempfile.py
101290$PIL\ImageChops.py
134200$PyInstaller\loader\pyimod02_archive.py
134311$_strptime.py
44779$ftplib.py
129132$C:\Python\Lib\site-packages\_pyinstaller_hooks_contrib\hooks\rthooks\pyi_rth_certifi.py
101150$asyncio\windows_utils.py
162202$gettext.py
162193$difflib.py
101372$xmlrpc\client.py
115920$setuptools\archive_util.py
101232$html\entities.py
101323$PIL\SpiderImagePlugin.py
112012$setuptools\ssl_support.py
101263$multiprocessing\spawn.py
4351$numpy\lib\function_base.py
137505$keyboard\_canonical_names.py
2053$PIL\features.py
177260$distutils\msvc9compiler.py
52610$cryptography\hazmat\backends\openssl\backend.py
17581$smtplib.py
103568$lib2to3\btm_matcher.py
52853$numpy\lib\utils.py
102744$hashlib.py
164040$C:\Users\mithu\AppData\Local\Programs\Python\Python39\Lib\site-packages\_pyinstaller_hooks_contrib\hooks\rthooks\pyi_rth_certifi.py
14428$PIL\TiffImagePlugin.py
31832$unittest\mock.py
2002$numpy\lib\function_base.py
31731$pyasn1\type\univ.py
43475$gettext.py
166367$requests\status_codes.py
111814$cffi\pkgconfig.py
31542$cryptography\hazmat\bindings\openssl\_conditional.py
112739$telebot\types.py
43441$C:\Users\fraer2335\AppData\Local\Programs\Python\Python39\Lib\site-packages\_pyinstaller_hooks_contrib\hooks\rthooks\pyi_rth_certifi.py
43501$pydoc.py
31705$pyasn1\debug.py
101408$ftplib.py
101799$telebot\handler_backends.py
19864$http\client.py
130300$hashlib.py
31614$distutils\command\install.py
111993$pywin\dialogs\status.py
101688$email\headerregistry.py
176078$pathlib.py
111690$csv.py
162529$http\cookiejar.py
2067$PIL\ImageChops.py
101838$urllib3\packages\ssl_match_hostname\_implementation.py
130122$html\entities.py
162859$win32com\client\__init__.py
44003$pathlib.py
129499$cryptography\hazmat\primitives\serialization\__init__.py
111772$_pydecimal.py
130293$ftplib.py
31696$pkg_resources\_vendor\packaging\requirements.py
43492$pathlib.py
101849$urllib3\util\url.py
43940$C:\Users\PC\AppData\Local\Programs\Python\Python39\Lib\site-packages\_pyinstaller_hooks_contrib\hooks\rthooks\pyi_rth_certifi.py
102750$netrc.py
31634$email\_header_value_parser.py
176118$typing.py
101479$_osx_support.py
2047$PIL\BmpImagePlugin.py
129998$typing.py
102802$zipfile.py
101568$comtypes\client\dynamic.py
130320$pydoc.py
31725$pyasn1\type\constraint.py
2016$numpy\lib\_datasource.py
162558$keyboard\_winkeyboard.py
103929$email\mime\base.py
31422$cffi\cparser.py
102797$typing.py
103869$cryptography\hazmat\primitives\asymmetric\rsa.py
111925$http\server.py
103838$cryptography\hazmat\backends\openssl\cmac.py
2022$numpy\ma\core.py
181947$wave.py
103459$typing.py
14459$requests\sessions.py
181916$pydoc.py
17933$html\entities.py
19722$ftplib.py
111987$pycparser\ply\yacc.py
130194$PIL\JpegImagePlugin.py
103408$gettext.py
134393$attr\validators.py
101092$socketserver.py
101303$PIL\Jpeg2KImagePlugin.py
115712$cffi\recompiler.py
129221$tarfile.py
4371$numpy\ma\core.py
101243$importlib\_bootstrap_external.py
112032$setuptools\_vendor\packaging\markers.py
101352$unittest\__init__.py
14346$mss\windows.py
1997$numpy\lib\arraypad.py
165990$gettext.py
115592$csv.py
101212$email\base64mime.py
115900$pkg_resources\_vendor\packaging\tags.py
112063$win32com\util.py
1964$numpy\__init__.py
134331$aiohttp\http_writer.py
101030$ast.py
101170$Crypto\Cipher\_mode_siv.py
11902$tarfile.py
39663$http\cookiejar.py
101061$imp.py
134360$asyncio\base_futures.py
18122$setuptools\sandbox.py
101121$_threading_local.py
112350$gettext.py
101226$email\utils.py
115934$setuptools\ssl_support.py
136022$ftplib.py
101366$xml\sax\expatreader.py
39475$aiohttp\client_reqrep.py
13980$C:\Users\Neon\AppData\Local\Programs\Python\Python39\Lib\site-packages\PyInstaller\hooks\rthooks\pyi_rth_multiprocessing.py
101277$PIL\FitsStubImagePlugin.py
115965$tkinter\ttk.py
112397$subprocess.py
112006$setuptools\installer.py
129355$comtypes\tools\codegenerator.py
101115$_compat_pickle.py
103381$c:\users\lolke\appdata\local\programs\python\python39\lib\struct.py
164569$numpy\core\multiarray.py
39606$charset_normalizer\assets\__init__.py
39597$charset_normalizer\api.py
164429$curses\has_key.py
31358$subprocess.py
134354$aiohttp\web_server.py
101055$getpass.py
1713$C:\python3\Lib\site-packages\PyInstaller\hooks\rthooks\pyi_rth_multiprocessing.py
114639$multiprocessing\pool.py
101144$asyncio\tasks.py
165957$D:\Users\jackson\AppData\Local\Programs\Python\Python39\Lib\site-packages\PyInstaller\hooks\rthooks\pyi_rth_multiprocessing.py
3915$C:\Program Files\Python39\Lib\site-packages\_pyinstaller_hooks_contrib\hooks\rthooks\pyi_rth_certifi.py
14010$ftplib.py
115784$http\client.py
39717$requests\api.py
39486$aiohttp\http_websocket.py
101395$configparser.py
18007$PIL\Image.py
134315$aiohttp\base_protocol.py
115897$pkg_resources\_vendor\packaging\markers.py
101154$concurrent\futures\thread.py
134255$pdb.py
163348$pprint.py
136350$hashlib.py
164528$multiprocessing\connection.py
129136$C:\Python\Lib\site-packages\PyInstaller\hooks\rthooks\pyi_rth_win32comgenpy.py
101045$datetime.py
134344$aiohttp\web_app.py
163319$doctest.py
101105$tokenize.py
164579$numpy\core\_dtype.py
129167$ftplib.py
122481$mss\windows.py
101327$PIL\TiffTags.py
39434$shutil.py
120437$tarfile.py
4355$numpy\lib\nanfunctions.py
101267$multiprocessing\dummy\connection.py
4244$http\server.py
122563$urllib3\request.py
39465$_pydecimal.py
115924$setuptools\distutils_patch.py
101236$http\server.py
101131$asyncio\format_helpers.py
134230$fnmatch.py
18132$setuptools\command\easy_install.py
101071$os.py
134261$pprint.py
101160$Crypto\Cipher\_mode_cbc.py
1974$numpy\core\machar.py
134321$aiohttp\connector.py
18023$PIL\JpegImagePlugin.py
162372$comtypes\typeinfo.py
112073$win32com\client\__init__.py
101193$ctypes\macholib\dyld.py
101342$unittest\async_case.py
1987$numpy\core\_exceptions.py
120452$_compat_pickle.py
122557$urllib3\connection.py
115941$setuptools\command\bdist_egg.py
112022$setuptools\command\egg_info.py
101253$multiprocessing\popen_forkserver.py
101082$queue.py
134383$asyncio\trsock.py
39400$getpass.py
14509$urllib3\packages\ssl_match_hostname\__init__.py
111997$pywin\mfc\thread.py
31641$http\client.py
103698$pdb.py
111886$distutils\versionpredicate.py
164070$difflib.py
14418$PIL\PdfParser.py
2032$numpy\polynomial\legendre.py
31523$cryptography\hazmat\backends\openssl\decode_asn1.py
170643$C:\Users\schom\AppData\Local\Programs\Python\Python39\Lib\site-packages\_pyinstaller_hooks_contrib\hooks\rthooks\pyi_rth_certifi.py
103828$cryptography\__about__.py
111875$distutils\extension.py
111964$pkg_resources\_vendor\appdirs.py
102787$subprocess.py
17542$gettext.py
31735$pycparser\c_ast.py
134739$psutil\_psbsd.py
2006$numpy\lib\nanfunctions.py
177235$Crypto\Util\_raw_api.py
164044$C:\Users\mithu\AppData\Local\Programs\Python\Python39\Lib\site-packages\PyInstaller\hooks\rthooks\pyi_rth_win32comgenpy.py
43471$ftplib.py
101578$comtypes\tools\typedesc_base.py
130270$c:\users\win10\appdata\local\programs\python\python39\lib\struct.py
112709$pyperclip\__init__.py
31764$requests\models.py
44300$keyboard\_canonical_names.py
129899$xml\etree\ElementTree.py
2057$PIL\FtexImagePlugin.py
52754$keyboard\_canonical_names.py
164155$_pydecimal.py
31624$email\generator.py
134628$email\_header_value_parser.py
112758$urllib3\connection.py
101808$unittest\runner.py
39389$csv.py
177297$html\parser.py
134898$win32com\client\genpy.py
163517$urllib\parse.py
111810$cffi\error.py
163457$email\_encoded_words.py
31546$cryptography\hazmat\primitives\hmac.py
43742$distutils\util.py
101859$xml\dom\xmlbuilder.py
163406$asyncio\queues.py
43482$ipaddress.py
111850$Crypto\Util\number.py
43941$C:\Users\PC\AppData\Local\Programs\Python\Python39\Lib\site-packages\PyInstaller\hooks\rthooks\pyi_rth_multiprocessing.py
101848$urllib3\util\timeout.py
177057$C:\Users\nu\AppData\Local\Programs\Python\Python39\Lib\site-packages\PyInstaller\hooks\rthooks\pyi_rth_multiprocessing.py
17567$pydoc.py
101819$urllib3\connection.py
31885$win32com\client\genpy.py
164366$cryptography\hazmat\backends\openssl\ec.py
129778$setuptools\package_index.py
177286$email\message.py
134889$urllib3\util\wait.py
111702$gettext.py
2106$PIL\WmfImagePlugin.py
135996$C:\Users\ransome\AppData\Local\Programs\Python\Python39\Lib\site-packages\PyInstaller\hooks\rthooks\pyi_rth_multiprocessing.py
101569$comtypes\client\lazybind.py
134668$json\encoder.py
2017$numpy\lib\_iotools.py
162559$keyboard\__init__.py
134728$pkg_resources\_vendor\packaging\tags.py
31724$pyasn1\type\char.py
101429$pathlib.py
2081$PIL\JpegImagePlugin.py
103868$cryptography\hazmat\primitives\asymmetric\padding.py
166317$mss\linux.py
163472$importlib\_bootstrap.py
130166$PIL\features.py
130077$Crypto\Util\_raw_api.py
17502$browsersteal.py
103839$cryptography\hazmat\backends\openssl\decode_asn1.py
111924$http\cookiejar.py
163423$concurrent\futures\thread.py
2023$numpy\ma\extras.py
43986$gettext.py
31710$pyasn1\codec\ber\eoo.py
31650$idna\uts46data.py
2072$PIL\ImagePalette.py
31842$urllib\request.py
130204$PIL\PcxImagePlugin.py
111986$pycparser\ply\lex.py
14518$urllib3\util\wait.py
102765$pyaudio.py
52771$mss\windows.py
177090$hashlib.py
177301$http\server.py
14087$asyncio\base_events.py
101302$PIL\IptcImagePlugin.py
101093$ssl.py
134392$attr\setters.py
101242$importlib\_bootstrap.py
112033$setuptools\_vendor\packaging\requirements.py
101353$urllib\error.py
115841$PIL\IcnsImagePlugin.py
101213$email\charset.py
101182$Crypto\Util\number.py
112062$win32com\universal.py
115901$pkg_resources\_vendor\packaging\utils.py
134283$subprocess.py
101031$base64.py
134330$aiohttp\http_websocket.py
1965$numpy\compat\py3k.py
39722$requests\exceptions.py
39662$http\client.py
181329$typing.py
101171$Crypto\Cipher\__init__.py
101060$hmac.py
39773$urllib3\util\request.py
4383$numpy\polynomial\polyutils.py
101120$_strptime.py
101227$email\_encoded_words.py
115935$setuptools\unicode_utils.py
129245$_pydecimal.py
164818$setuptools\command\egg_info.py
101276$PIL\features.py
112007$setuptools\monkey.py
164909$win32com\client\genpy.py
115667$_markupbase.py
39425$pydoc.py
101336$PIL\__init__.py
3945$ftplib.py
164568$numpy\core\memmap.py
134215$cgi.py
101285$PIL\GribStubImagePlugin.py
101114$_bootsubprocess.py
101054$getopt.py
134355$aiohttp\web_urldispatcher.py
165956$D:\Users\jackson\AppData\Local\Programs\Python\Python39\Lib\site-packages\_pyinstaller_hooks_contrib\hooks\rthooks\pyi_rth_certifi.py
39656$email\_header_value_parser.py
101145$asyncio\threads.py
18146$setuptools\_vendor\packaging\tags.py
31318$ipaddress.py
134254$pbkdf2.py
163349$pydoc.py
101155$concurrent\futures\_base.py
134345$aiohttp\web_exceptions.py
101044$csv.py
1910$email\message.py
164578$numpy\core\_asarray.py
14281$distutils\util.py
129166$fractions.py
103001$http\server.py
101104$token.py
101295$PIL\ImagePalette.py
163318$dis.py
129344$comtypes\_comobject.py
101326$PIL\TiffImagePlugin.py
101266$multiprocessing\__init__.py
122473$mss\base.py
115925$setuptools\extension.py
4393$numpy\testing\_private\utils.py
134231$fractions.py
103035$mss\linux.py
101130$asyncio\exceptions.py
101070$optparse.py
176511$pywin\dialogs\list.py
39672$idna\__init__.py
101161$Crypto\Cipher\_mode_ccm.py
134320$aiohttp\client_ws.py
101021$payload.py
1975$numpy\core\memmap.py
4113$comtypes\tools\codegenerator.py
11853$ftplib.py
4282$mss\windows.py
134293$typing.py
136396$tarfile.py
101192$ctypes\__init__.py
101203$distutils\fancy_getopt.py
101343$unittest\case.py
112023$setuptools\command\install_scripts.py
115940$setuptools\__init__.py
101252$multiprocessing\popen_fork.py
39401$gettext.py
101083$quopri.py
101312$PIL\PalmImagePlugin.py
31580$ctypes\_aix.py
111996$pywin\mfc\object.py
14508$urllib3\packages\ssl_match_hostname\_implementation.py
164160$asyncio\base_events.py
31751$pywin\mfc\dialog.py
102724$configparser.py
164131$tarfile.py
2033$numpy\polynomial\polynomial.py
164071$dis.py
111887$distutils\_msvccompiler.py
103829$cryptography\__init__.py
164082$hashlib.py
103878$cryptography\hazmat\primitives\ciphers\__init__.py
31573$cryptography\x509\extensions.py
163462$html\entities.py
111965$pkg_resources\_vendor\pyparsing.py
111726$pydoc.py
2007$numpy\lib\npyio.py
101439$pywintypes.py
102953$ctypes\util.py
134738$psutil\_psaix.py
134678$keyring\backends\kwallet.py
162798$telebot\__init__.py
164105$pydoc.py
31866$urllib3\util\connection.py
129898$xml\etree\ElementPath.py
101468$typing.py
102741$gettext.py
164154$_osx_support.py
12030$distutils\msvc9compiler.py
31796$setuptools\command\egg_info.py
111811$cffi\ffiplatform.py
31547$cryptography\hazmat\primitives\padding.py
101858$xml\dom\pulldom.py
164267$comtypes\tools\codegenerator.py
111763$win32traceutil.py
17994$PIL\features.py
163427$ctypes\__init__.py
111971$pkg_resources\_vendor\packaging\utils.py
163476$json\encoder.py
102792$threading.py
129608$mss\linux.py
177067$cgi.py
111672$C:\Users\user\AppData\Local\Programs\Python\Python39\Lib\site-packages\PyInstaller\hooks\rthooks\pyi_rth_win32comgenpy.py
130340$tarfile.py
134749$pyaes\__init__.py
31846$urllib3\connectionpool.py
2076$PIL\ImageTk.py
137520$mss\screenshot.py
31906$xmlrpc\client.py
111681$cgi.py
43790$keyboard\_canonical_names.py
111982$pycparser\lextab.py
43982$ftplib.py
111893$distutils\command\install_scripts.py
31714$pyasn1\codec\der\decoder.py
101419$ipaddress.py
101788$requests\sessions.py
17664$asyncio\base_events.py
162569$mss\windows.py
102730$datetime.py
162429$Core\Stealer\Chromium.py
101559$comtypes\npsupport.py
134658$jeepney\bus.py
103858$cryptography\hazmat\bindings\openssl\_conditional.py
43805$mss\screenshot.py
31502$Crypto\Util\Padding.py
17650$aiohttp\web_exceptions.py
31823$simplejson\scanner.py
19742$pdb.py
2102$PIL\TgaImagePlugin.py
44315$mss\screenshot.py
103579$lib2to3\pgen2\parse.py
2042$numpy\testing\_private\nosetester.py
52601$cryptography\utils.py
112003$setuptools\dist.py
103377$c:\users\lolke\appdata\local\programs\python\python39\lib\site-packages\PyInstaller\loader\pyimod02_archive.py
129350$comtypes\client\_code_cache.py
4311$numpy\_pytesttester.py
101223$email\parser.py
115931$setuptools\package_index.py
14377$PIL\EpsImagePlugin.py
101141$asyncio\staggered.py
11873$pathlib.py
182030$Core\Stealer\Chromium.py
101110$webbrowser.py
101281$PIL\GbrImagePlugin.py
136314$C:\Users\frffu\AppData\Local\Programs\Python\Python39\Lib\site-packages\PyInstaller\hooks\rthooks\pyi_rth_multiprocessing.py
1747$hashlib.py
39603$charset_normalizer\utils.py
134351$aiohttp\web_response.py
101050$fnmatch.py
4265$keyboard\_canonical_names.py
1992$numpy\core\_ufunc_config.py
115597$doctest.py
39504$aiohttp\web_middlewares.py
101186$Crypto\Util\_file_system.py
101217$email\feedparser.py
115905$pkg_resources\_vendor\packaging\__about__.py
112066$win32com\client\CLSIDToClass.py
164879$urllib3\_collections.py
101097$stringprep.py
115657$typing.py
101246$multiprocessing\connection.py
112037$setuptools\_vendor\packaging\version.py
115954$setuptools\_vendor\packaging\markers.py
14070$typing.py
164789$requests\status_codes.py
39777$urllib3\util\ssl_.py
101064$mimetypes.py
134225$datetime.py
101124$asyncio\base_futures.py
52359$pydoc.py
3975$pydoc.py
164558$numpy\compat\py3k.py
39726$requests\sessions.py
134334$aiohttp\multipart.py
101035$calendar.py
101175$Crypto\Hash\MD5.py
163369$tarfile.py
107479$ftplib.py
164509$keyboard\_canonical_names.py
163379$webbrowser.py
101165$Crypto\Cipher\_mode_ecb.py
162384$comtypes\tools\codegenerator.py
1971$numpy\core\fromnumeric.py
11857$gettext.py
182014$Core\Main\Screen.py
101025$PyInstaller\loader\pyimod03_importers.py
134324$aiohttp\frozenlist.py
31328$pathlib.py
103031$mss\base.py
134235$getpass.py
4006$typing.py
101074$pickle.py
4364$numpy\lib\utils.py
115944$setuptools\command\install_scripts.py
112027$setuptools\command\__init__.py
101256$multiprocessing\process.py
101316$PIL\PdfParser.py
101087$selectors.py
112076$win32com\server\policy.py
115915$pycparser\ply\lex.py
101207$distutils\spawn.py
134297$webbrowser.py
101347$unittest\runner.py
101040$configparser.py
112371$platform.py
101100$tarfile.py
129162$difflib.py
14005$difflib.py
115892$pkg_resources\extern\__init__.py
103114$urllib3\exceptions.py
1706$payload.py
129133$C:\Python\Lib\site-packages\PyInstaller\hooks\rthooks\pyi_rth_multiprocessing.py
39460$_aix_support.py
115921$setuptools\config.py
112042$setuptools\_vendor\packaging\__init__.py
101233$html\__init__.py
101322$PIL\SgiImagePlugin.py
162252$tarfile.py
122477$mss\linux.py
4350$numpy\lib\format.py
112013$setuptools\unicode_utils.py
112382$random.py
101262$multiprocessing\shared_memory.py
103569$lib2to3\btm_utils.py
164381$cryptography\hazmat\bindings\openssl\binding.py
2052$PIL\EpsImagePlugin.py
31730$pyasn1\type\tagmap.py
164041$C:\Users\mithu\AppData\Local\Programs\Python\Python39\Lib\site-packages\PyInstaller\hooks\rthooks\pyi_rth_multiprocessing.py
102714$ast.py
177152$_pydecimal.py
170672$gettext.py
111904$email\headerregistry.py
111815$cffi\recompiler.py
103848$cryptography\hazmat\backends\openssl\ocsp.py
31644$http\server.py
101549$chardet\universaldetector.py
101798$telebot\apihelper.py
19865$http\cookiejar.py
164075$ftplib.py
12000$Crypto\Util\number.py
130210$PIL\PsdImagePlugin.py
111992$pywin\dialogs\list.py
134759$pycparser\ply\yacc.py
112629$email\message.py
162528$http\client.py
2066$PIL\Image.py
163466$http\server.py
130172$PIL\GifImagePlugin.py
52407$_markupbase.py
2095$PIL\PngImagePlugin.py
101839$urllib3\packages\ssl_match_hostname\__init__.py
31526$cryptography\hazmat\backends\openssl\ec.py
129498$cryptography\hazmat\primitives\serialization\ssh.py
164086$ipaddress.py
52337$hashlib.py
107506$pydoc.py
31307$ftplib.py
179715$ftplib.py
39608$colorama\ansitowin32.py
39599$charset_normalizer\constant.py
163307$cmd.py
164427$ctypes\macholib\framework.py
112399$tarfile.py
112008$setuptools\msvc.py
101279$PIL\FpxImagePlugin.py
164594$numpy\lib\format.py
164605$numpy\lib\twodim_base.py
164846$simplejson\__init__.py
101228$email\_header_value_parser.py
101368$xml\sax\saxutils.py
179770$typing.py
164782$requests\compat.py
163333$mimetypes.py
137156$C:\Users\Admin\AppData\Local\Programs\Python\Python39\Lib\site-packages\PyInstaller\hooks\rthooks\pyi_rth_multiprocessing.py
31273$lib\site-packages\PyInstaller\loader\pyimod01_os_path.py
31280$site-packages\PyInstaller\hooks\rthooks\pyi_rth_win32comgenpy.py
164872$urllib3\connectionpool.py
164932$xml\etree\ElementPath.py
136049$pydoc.py
164631$numpy\random\__init__.py
14457$requests\models.py
134742$psutil\_psposix.py
14517$urllib3\util\url.py
23713$tarfile.py
129470$cryptography\hazmat\bindings\openssl\_conditional.py
103985$OpenSSL\SSL.py
101412$gettext.py
101783$requests\cookies.py
43989$hashlib.py
101552$chardet\__init__.py
101770$pyperclip\__init__.py
103675$fnmatch.py
162600$numpy\__config__.py
129483$cryptography\hazmat\primitives\asymmetric\padding.py
103836$cryptography\hazmat\backends\openssl\backend.py
162740$requests\sessions.py
162843$urllib3\util\ssl_.py
103735$tracemalloc.py
111739$PyInstaller\fake-modules\site.py
129743$pywin\dialogs\list.py
162651$numpy\lib\ufunclike.py
101822$urllib3\fields.py
134667$json\decoder.py
129504$cryptography\x509\name.py
30696$hashlib.py
162556$keyboard\_nixcommon.py
19749$pydoc.py
134636$http\cookies.py
129784$setuptools\wheel.py
101477$_compat_pickle.py
134776$requests\compat.py
103853$cryptography\hazmat\backends\openssl\x448.py
162725$pywin\mfc\dialog.py
101655$Crypto\Util\_raw_api.py
162826$urllib3\contrib\pyopenssl.py
170638$Generator.py
129874$win32com\client\gencache.py
134785$requests\utils.py
101715$importlib\metadata.py
103581$lib2to3\pgen2\token.py
162665$numpy\polynomial\chebyshev.py
39397$ftplib.py
134886$urllib3\util\ssl_.py
164369$cryptography\hazmat\backends\openssl\encode_asn1.py
120394$gettext.py
14490$urllib3\connection.py
134694$multidict\_compat.py
134505$cryptography\hazmat\backends\openssl\backend.py
101604$Core\Main\Screen.py
103701$platform.py
104021$urllib\request.py
101847$urllib3\util\ssl_.py
103651$PyInstaller\loader\pyimod03_importers.py
162624$numpy\core\_dtype_ctypes.py
134684$keyring\backends\macOS\api.py
101705$http\server.py
134795$secretstorage\__init__.py
162675$numpy\random\__init__.py
104060$xml\sax\expatreader.py
103843$cryptography\hazmat\backends\openssl\ed25519.py
163459$email\_parseaddr.py
162836$urllib3\util\connection.py
2059$PIL\GifImagePlugin.py
31869$urllib3\util\request.py
134865$urllib3\response.py
134925$win32ctypes\pywin32\win32api.py
14422$PIL\PsdImagePlugin.py
129454$cryptography\hazmat\backends\openssl\ec.py
2008$numpy\lib\polynomial.py
134737$psutil\_compat.py
52808$numpy\core\einsumfunc.py
101576$comtypes\tools\tlbparser.py
17808$cryptography\hazmat\backends\openssl\backend.py
162797$telebot\util.py
102789$tarfile.py
111669$C:\Users\user\AppData\Local\Programs\Python\Python39\Lib\site-packages\PyInstaller\hooks\rthooks\pyi_rth_multiprocessing.py
162490$distutils\msvc9compiler.py
103877$cryptography\hazmat\primitives\ciphers\modes.py
130179$PIL\Image.py
101671$distutils\fancy_getopt.py
103634$xml\etree\ElementPath.py
101731$keyboard\_nixkeyboard.py
101832$urllib3\contrib\_appengine_environ.py
162641$numpy\lib\index_tricks.py
305$ftplib.py
162853$win32com\client\dynamic.py
101620$Core\Stealer\Chromium.py
112680$mss\screenshot.py
129493$cryptography\hazmat\primitives\ciphers\__init__.py
122175$pydoc.py
162610$numpy\core\getlimits.py
134643$idna\uts46data.py
129460$cryptography\hazmat\backends\openssl\ocsp.py
112673$logging\__init__.py
101793$requests\__init__.py
101682$email\contentmanager.py
103884$cryptography\hazmat\primitives\serialization\__init__.py
164621$numpy\polynomial\chebyshev.py
164761$pyperclip\__init__.py
31381$_markupbase.py
31290$cgi.py
1989$numpy\core\_methods.py
27777$hashlib.py
27825$typing.py
1768$pydoc.py
164891$urllib3\packages\ssl_match_hostname\__init__.py
101378$C:\Users\123\AppData\Local\Programs\Python\Python39\Lib\site-packages\_pyinstaller_hooks_contrib\hooks\rthooks\pyi_rth_certifi.py
101238$importlib\abc.py
164644$packaging\markers.py
109737$urllib3\connection.py
101329$PIL\WmfImagePlugin.py
114454$c:\users\demo\appdata\local\programs\python\python39-32\lib\site-packages\PyInstaller\loader\pyimod03_importers.py
164856$unittest\case.py
112018$setuptools\_imp.py
164615$numpy\ma\core.py
179857$http\client.py
164577$numpy\core\_add_newdocs_scalars.py
163317$difflib.py
115899$pkg_resources\_vendor\packaging\specifiers.py
181242$payload.py
164526$mss\windows.py
39729$requests\utils.py
164446$distutils\msvc9compiler.py
31277$site-packages\PyInstaller\hooks\rthooks\pyi_rth_multiprocessing.py
163366$stringprep.py
31366$tracemalloc.py
114487$hashlib.py
39638$distutils\util.py
164557$numpy\__init__.py
134399$attr\_next_gen.py
164876$urllib3\poolmanager.py
101309$PIL\MpoImagePlugin.py
101098$subprocess.py
101249$multiprocessing\heap.py
101358$xml\__init__.py
162228$pydoc.py
162368$comtypes\npsupport.py
120508$distutils\util.py
31284$ast.py
112069$win32com\client\genpy.py
101218$email\generator.py
101189$ctypes\util.py
164563$numpy\core\einsumfunc.py
109410$pathlib.py
13979$C:\Users\Neon\AppData\Local\Programs\Python\Python39\Lib\site-packages\_pyinstaller_hooks_contrib\hooks\rthooks\pyi_rth_certifi.py
109632$email\message.py
164601$numpy\lib\polynomial.py
114500$pdb.py
103378$c:\users\lolke\appdata\local\programs\python\python39\lib\site-packages\PyInstaller\loader\pyimod03_importers.py
164842$simplejson\errors.py
14329$keyboard\_canonical_names.py
134931$xml\etree\ElementPath.py
176052$difflib.py
101533$chardet\hebrewprober.py
134632$html\entities.py
136677$mss\screenshot.py
134772$requests\adapters.py
101473$zipfile.py
103576$lib2to3\pgen2\driver.py
162783$setuptools\_vendor\packaging\tags.py
129691$PIL\SpiderImagePlugin.py
129500$cryptography\x509\base.py
102808$_osx_support.py
101562$comtypes\safearray.py
101422$netrc.py
134723$pkg_resources\_vendor\pyparsing.py
129440$cryptography\__init__.py
162552$keyboard\_canonical_names.py
45027$Crypto\Util\_raw_api.py
103705$pydoc.py
136404$typing.py
162770$setuptools\command\egg_info.py
162630$numpy\core\_ufunc_config.py
101843$urllib3\util\request.py
111758$typing.py
103857$cryptography\hazmat\bindings\openssl\binding.py
134882$urllib3\util\request.py
14494$urllib3\filepost.py
120390$ftplib.py
103917$email\headerregistry.py
162661$numpy\ma\mrecords.py
101711$idna\uts46data.py
101480$_pydecimal.py
103614$tkinter\__init__.py
103513$ctypes\macholib\dyld.py
2028$numpy\polynomial\chebyshev.py
31818$simplejson\decoder.py
101556$comtypes\GUID.py
134657$jeepney\auth.py
134746$pyaes\aes.py
14453$requests\compat.py
162537$idna\uts46data.py
103890$cryptography\x509\ocsp.py
14513$urllib3\util\response.py
101696$email\_header_value_parser.py
30744$typing.py
162655$numpy\lib\_version.py
101826$urllib3\response.py
101725$json\__init__.py
162816$urllib3\connectionpool.py
112785$urllib3\util\ssltransport.py
103863$cryptography\hazmat\primitives\asymmetric\dh.py
162595$numpy\version.py
103721$socks.py
162857$win32com\client\selecttlb.py
31529$cryptography\hazmat\backends\openssl\encode_asn1.py
162614$numpy\core\numeric.py
129497$cryptography\hazmat\primitives\serialization\pkcs7.py
134574$curses\has_key.py
101675$distutils\spawn.py
177078$difflib.py
101836$urllib3\packages\backports\makefile.py
162645$numpy\lib\polynomial.py
101735$mss\base.py
129854$urllib3\packages\ssl_match_hostname\_implementation.py
134915$win32ctypes\core\cffi\_authentication.py
101686$email\generator.py
101457$stringprep.py
2069$PIL\ImageFile.py
134944$yarl\_quoting.py
134647$importlib\metadata.py
112737$telebot\apihelper.py
101546$chardet\sbcharsetprober.py
176027$C:\Users\trust\AppData\Local\Programs\Python\Python39\Lib\site-packages\PyInstaller\hooks\rthooks\pyi_rth_multiprocessing.py
103692$nturl2path.py
134496$cryptography\__about__.py
31808$setuptools\_vendor\packaging\requirements.py
134804$setuptools\msvc.py
129464$cryptography\hazmat\backends\openssl\x25519.py
2038$numpy\random\__init__.py
19769$tarfile.py
101802$telebot\__init__.py
162671$numpy\polynomial\polyutils.py
103907$distutils\util.py
111719$pdb.py
134400$attr\_version_info.py
101701$html\__init__.py
101641$Crypto\Hash\CMAC.py
103847$cryptography\hazmat\backends\openssl\hmac.py
122145$ftplib.py
101853$xml\dom\domreg.py
104035$urllib3\contrib\pyopenssl.py
275$C:\Users\gay\AppData\Local\Programs\Python\Python39\Lib\site-packages\_pyinstaller_hooks_contrib\hooks\rthooks\pyi_rth_certifi.py
103715$shutil.py
102958$ctypes\macholib\dyld.py
129450$cryptography\hazmat\backends\openssl\cmac.py
101572$comtypes\client\_generate.py
129790$setuptools\command\egg_info.py
23673$hashlib.py
134622$email\message.py
164852$telebot\types.py
164611$numpy\lib\_version.py
137185$ftplib.py
164640$OpenSSL\SSL.py
181246$PyInstaller\loader\pyimod03_importers.py
163342$pdb.py
27747$tokengraber.py
164522$mss\linux.py
164573$numpy\core\records.py
164674$PIL\Image.py
101208$distutils\sysconfig.py
179686$crypto.py
101348$unittest\signals.py
115759$distutils\command\sdist.py
164625$numpy\polynomial\legendre.py
101259$multiprocessing\resource_sharer.py
112028$setuptools\extern\__init__.py
101088$shlex.py
101319$PIL\PpmImagePlugin.py
134389$attr\converters.py
120409$pathlib.py
109465$asyncio\base_events.py
164895$urllib3\util\response.py
39679$importlib\_bootstrap_external.py
44840$typing.py
31327$os.py
107526$tarfile.py
31336$pydoc.py
31276$site-packages\_pyinstaller_hooks_contrib\hooks\rthooks\pyi_rth_certifi.py
39779$urllib3\util\url.py
44800$pathlib.py
4018$_pydecimal.py
4389$numpy\testing\_private\decorators.py
101099$sysconfig.py
134398$attr\_make.py
164877$urllib3\request.py
114535$typing.py
101248$multiprocessing\forkserver.py
112068$win32com\client\gencache.py
101188$Crypto\Util\__init__.py
101219$email\header.py
134289$token.py
164562$numpy\core\defchararray.py
164533$multiprocessing\pool.py
31302$difflib.py
136029$hashlib.py
164711$PIL\TiffImagePlugin.py
103379$C:\Users\lolke\AppData\Local\Programs\Python\Python39\Lib\site-packages\PyInstaller\hooks\rthooks\pyi_rth_multiprocessing.py
164600$numpy\lib\npyio.py
164843$simplejson\ordered_dict.py
129781$setuptools\ssl_support.py
103577$lib2to3\pgen2\grammar.py
101563$comtypes\typeinfo.py
103466$_compat_pickle.py
134662$jeepney\wrappers.py
30693$gettext.py
162553$keyboard\_darwinkeyboard.py
129441$cryptography\hazmat\_der.py
101601$Core\Main\Audio.py
101741$mss\screenshot.py
162631$numpy\core\__init__.py
101650$Crypto\Util\number.py
129871$win32com\client\build.py
101481$_py_abc.py
162660$numpy\ma\extras.py
39392$difflib.py
14495$urllib3\poolmanager.py
31819$simplejson\encoder.py
162567$mss\screenshot.py
2029$numpy\polynomial\hermite.py
101786$requests\models.py
103683$gzip.py
134656$importlib_metadata\__init__.py
19729$hashlib.py
17938$http\server.py
134747$pyaes\blockfeeder.py
101446$secrets.py
14512$urllib3\util\request.py
176245$cryptography\hazmat\backends\openssl\encode_asn1.py
101724$json\scanner.py
17559$pathlib.py
129746$pywin\mfc\dialog.py
162654$numpy\lib\_iotools.py
101827$urllib3\_collections.py
164189$bcrypt\__about__.py
31569$cryptography\hazmat\primitives\serialization\ssh.py
112784$urllib3\util\retry.py
101775$pyttsx3\__init__.py
103670$datetime.py
162605$numpy\core\arrayprint.py
162594$numpy\ctypeslib.py
31538$cryptography\hazmat\backends\openssl\x509.py
129647$PIL\FpxImagePlugin.py
103720$socketserver.py
101625$Crypto\__init__.py
112514$comtypes\tools\codegenerator.py
52518$comtypes\tools\codegenerator.py
162615$numpy\core\numerictypes.py
134575$curses\__init__.py
31579$ctypes\util.py
129855$urllib3\packages\ssl_match_hostname\__init__.py
163528$xml\sax\_exceptions.py
103932$email\mime\text.py
162644$numpy\lib\npyio.py
45113$mss\screenshot.py
14502$urllib3\contrib\_appengine_environ.py
129574$http\server.py
134914$win32ctypes\core\__init__.py
134854$urllib\parse.py
162526$html\entities.py
103553$http\client.py
176026$C:\Users\trust\AppData\Local\Programs\Python\Python39\Lib\site-packages\_pyinstaller_hooks_contrib\hooks\rthooks\pyi_rth_certifi.py
52839$numpy\lib\format.py
134945$yarl\_quoting_py.py
129465$cryptography\hazmat\backends\openssl\x448.py
134805$setuptools\package_index.py
101796$sqlite3\dump.py
101407$fractions.py
101700$html\entities.py
134401$attr\__init__.py
111718$pathlib.py
122115$C:\Users\Lunie\AppData\Local\Programs\Python\Python39\Lib\site-packages\_pyinstaller_hooks_contrib\hooks\rthooks\pyi_rth_certifi.py
129762$requests\status_codes.py
162670$numpy\polynomial\polynomial.py
103846$cryptography\hazmat\backends\openssl\hashes.py
134541$cryptography\hazmat\primitives\asymmetric\rsa.py
365$typing.py
162621$numpy\core\_add_newdocs_scalars.py
129673$PIL\JpegPresets.py
103817$chardet\universaldetector.py
129970$pydoc.py
134681$keyring\backends\SecretService.py
334$pydoc.py
129451$cryptography\hazmat\backends\openssl\decode_asn1.py
134831$setuptools\_vendor\packaging\tags.py
134672$keyring\core.py
101573$comtypes\client\__init__.py
122479$mss\screenshot.py
164581$numpy\core\_exceptions.py
137215$pydoc.py
122428$email\message.py
181247$C:\Users\hbs91\AppData\Local\Programs\Python\Python39\Lib\site-packages\PyInstaller\hooks\rthooks\pyi_rth_multiprocessing.py
114622$http\client.py
109450$typing.py
164572$numpy\core\overrides.py
101209$distutils\text_file.py
101198$distutils\ccompiler.py
162379$comtypes\client\_code_cache.py
164675$PIL\ImageChops.py
101349$unittest\suite.py
181280$hashlib.py
101258$multiprocessing\reduction.py
112029$setuptools\_vendor\ordered_set.py
3998$tarfile.py
164624$numpy\polynomial\laguerre.py
115649$tarfile.py
134388$async_timeout\__init__.py
101318$PIL\PngImagePlugin.py
101089$shutil.py
163326$gettext.py
164894$urllib3\util\request.py
39769$urllib3\packages\ssl_match_hostname\__init__.py
163377$typing.py
179734$pathlib.py
181273$ftplib.py
163357$shlex.py
179817$concurrent\futures\_base.py
39718$requests\auth.py
163306$calendar.py
39598$charset_normalizer\cd.py
39609$colorama\initialise.py
164426$ctypes\macholib\dylib.py
115669$_pydecimal.py
164595$numpy\lib\function_base.py
112009$setuptools\package_index.py
101278$PIL\FliImagePlugin.py
101229$email\_parseaddr.py
101369$xml\sax\xmlreader.py
162219$pathlib.py
31272$PyInstaller\loader\pyiboot01_bootstrap.py
164721$PIL\__init__.py
109743$urllib3\request.py
1998$numpy\lib\arraysetops.py
164661$PIL\features.py
31281$seth.py
164873$urllib3\exceptions.py
164630$numpy\random\_pickle.py
14258$Crypto\Util\_raw_api.py
164933$xml\etree\ElementTree.py
134743$psutil\_pssunos.py
134900$win32com\client\selecttlb.py
14516$urllib3\util\timeout.py
101782$requests\compat.py
103687$ipaddress.py
103984$OpenSSL\crypto.py
122206$typing.py
101553$comtypes\automation.py
134652$importlib\_common.py
111769$_compat_pickle.py
162601$numpy\__init__.py
101771$pyttsx3\driver.py
130079$ctypes\util.py
103674$doctest.py
101631$Crypto\Cipher\_mode_ctr.py
162842$urllib3\util\ssltransport.py
162741$requests\status_codes.py
103837$cryptography\hazmat\backends\openssl\ciphers.py
162650$numpy\lib\type_check.py
101823$urllib3\filepost.py
129841$urllib3\request.py
101720$importlib\_common.py
166319$mss\screenshot.py
129694$PIL\TiffImagePlugin.py
129505$cryptography\x509\ocsp.py
101567$comtypes\__init__.py
103462$zipfile.py
101427$optparse.py
134726$pkg_resources\_vendor\packaging\requirements.py
31829$unittest\case.py
45022$Crypto\Util\number.py
2019$numpy\lib\__init__.py
23637$generatedgrabber.py
176057$ftplib.py
103433$queue.py
134637$http\server.py
134777$requests\cookies.py
176286$cryptography\hazmat\primitives\serialization\ssh.py
103573$lib2to3\pytree.py
23666$ftplib.py
14462$requests\utils.py
134555$cryptography\hazmat\primitives\serialization\ssh.py
162827$urllib3\contrib\socks.py
103852$cryptography\hazmat\backends\openssl\x25519.py
14491$urllib3\connectionpool.py
101485$asyncio\base_events.py
103611$test\support\testresult.py
103580$lib2to3\pgen2\pgen.py
163508$unittest\main.py
31419$cffi\api.py
129875$win32com\client\genpy.py
101594$Core\Bomb\ZipBomb.py
134695$multidict\_multidict_py.py
170668$ftplib.py
129667$PIL\ImageTk.py
30664$C:\Users\orang\AppData\Local\Programs\Python\Python39\Lib\site-packages\PyInstaller\hooks\rthooks\pyi_rth_multiprocessing.py
162635$numpy\lib\arraypad.py
104020$urllib\parse.py
101846$urllib3\util\ssltransport.py
17538$ftplib.py
101856$xml\dom\minidom.py
103953$importlib\_bootstrap_external.py
104030$urllib3\request.py
162625$numpy\core\_exceptions.py
103650$PyInstaller\loader\pyimod02_archive.py
134685$keyring\backends\macOS\__init__.py
134514$cryptography\hazmat\backends\openssl\encode_asn1.py
31689$pkg_resources\__init__.py
103710$random.py
177389$setuptools\command\easy_install.py
23685$pathlib.py
162674$numpy\random\_pickle.py
164378$cryptography\hazmat\backends\openssl\x509.py
129865$urllib3\util\url.py
134794$secretstorage\util.py
134405$cffi\api.py
163518$urllib\request.py
103590$multiprocessing\pool.py
101704$http\cookies.py
163458$email\_header_value_parser.py
103842$cryptography\hazmat\backends\openssl\ec.py
101466$tracemalloc.py
136662$keyboard\_canonical_names.py
129795$setuptools\command\__init__.py
134864$urllib3\request.py
14532$xml\etree\ElementTree.py
134924$win32ctypes\pywin32\pywintypes.py
103423$pathlib.py
134736$psutil\_common.py
101437$pydoc.py
2009$numpy\lib\scimath.py
31839$unittest\__init__.py
129455$cryptography\hazmat\backends\openssl\ed25519.py
129684$PIL\PdfParser.py
162796$telebot\types.py
134676$keyring\backends\chainer.py
129911$payload.py
103876$cryptography\hazmat\primitives\ciphers\base.py
111668$PyInstaller\loader\pyimod03_importers.py
129612$mss\windows.py
103936$http\client.py
162640$numpy\lib\histograms.py
103635$xml\etree\ElementTree.py
101730$keyboard\_nixcommon.py
129643$PIL\EpsImagePlugin.py
103827$cryptography\utils.py
104004$requests\utils.py
162611$numpy\core\machar.py
129492$cryptography\hazmat\primitives\ciphers\modes.py
44399$urllib3\request.py
103697$pathlib.py
101403$difflib.py
101792$requests\_internal_utils.py
111889$distutils\command\bdist.py
14417$PIL\PdfImagePlugin.py
14506$urllib3\packages\backports\makefile.py
103885$cryptography\x509\base.py
111998$pywin\mfc\window.py
43889$urllib3\request.py
23642$PyInstaller\hooks\rthooks\pyi_rth_multiprocessing.py
162522$email\_header_value_parser.py
129430$Crypto\Util\number.py
14308$http\server.py
31291$cmd.py
107641$lib2to3\fixer_util.py
1988$numpy\core\_internal.py
163373$token.py
179833$distutils\util.py
181277$gettext.py
163322$ftplib.py
101379$C:\Users\123\AppData\Local\Programs\Python\Python39\Lib\site-packages\PyInstaller\hooks\rthooks\pyi_rth_multiprocessing.py
164806$setuptools\package_index.py
52295$C:\Users\evilp\AppData\Local\Programs\Python\Python39\Lib\site-packages\_pyinstaller_hooks_contrib\hooks\rthooks\pyi_rth_certifi.py
164494$idna\uts46data.py
162209$ipaddress.py
162198$ftplib.py
115628$pydoc.py
164645$packaging\requirements.py
164857$unittest\loader.py
114455$C:\Users\demo\AppData\Local\Programs\Python\Python39-32\Lib\site-packages\PyInstaller\hooks\rthooks\pyi_rth_multiprocessing.py
101328$PIL\WebPImagePlugin.py
164585$numpy\core\_type_aliases.py
101268$multiprocessing\dummy\__init__.py
112019$setuptools\__init__.py
181243$PyInstaller\loader\pyiboot01_bootstrap.py
107517$socket.py
115898$pkg_resources\_vendor\packaging\requirements.py
181293$pathlib.py
179694$ast.py
4328$numpy\core\overrides.py
39418$pdb.py
179785$asyncio\base_events.py
164874$urllib3\fields.py
115959$setuptools\_vendor\packaging\version.py
164637$numpy\testing\_private\utils.py
129229$typing.py
101069$opcode.py
164555$numpy\_pytesttester.py
101129$asyncio\events.py
101038$codeop.py
107534$typing.py
134339$aiohttp\streams.py
182009$Core\Fun\Speak.py
107474$difflib.py
31275$lib\site-packages\PyInstaller\loader\pyimod03_importers.py
176419$PIL\features.py
101178$Crypto\Hash\__init__.py
164900$urllib3\util\wait.py
164603$numpy\lib\shape_base.py
164592$numpy\lib\arraysetops.py
52393$typing.py
164840$simplejson\decoder.py
164652$packaging\__about__.py
164712$PIL\TiffTags.py
137206$pathlib.py
164530$multiprocessing\forkserver.py
103109$urllib\request.py
1958$numpy\dual.py
179901$unittest\main.py
164561$numpy\core\arrayprint.py
163301$ast.py
179742$pydoc.py
111808$cffi\commontypes.py
134783$requests\status_codes.py
101482$_strptime.py
162663$numpy\matrixlib\defmatrix.py
14496$urllib3\request.py
129660$PIL\ImageFile.py
129963$pdb.py
101602$Core\Main\Autorun.py
101593$Core\Bomb\ForkBomb.py
162871$xml\dom\minidom.py
101742$mss\tools.py
162632$numpy\fft\helper.py
101841$urllib3\util\proxy.py
101560$comtypes\patcher.py
130268$c:\users\win10\appdata\local\programs\python\python39\lib\site-packages\PyInstaller\loader\pyimod03_importers.py
129990$tarfile.py
134661$jeepney\routing.py
4452$urllib3\request.py
129502$cryptography\x509\extensions.py
129442$cryptography\hazmat\_oid.py
23721$typing.py
102758$pdb.py
45074$http\client.py
101471$webbrowser.py
176110$tarfile.py
103574$lib2to3\refactor.py
136675$mss\linux.py
129881$win32com\server\exception.py
129817$telebot\util.py
101776$pyttsx3\drivers\sapi5.py
162597$numpy\_globals.py
162606$numpy\core\defchararray.py
129485$cryptography\hazmat\primitives\asymmetric\utils.py
103830$cryptography\hazmat\_der.py
162845$urllib3\util\url.py
101727$keyboard\_darwinkeyboard.py
129846$urllib3\contrib\pyopenssl.py
162657$numpy\linalg\linalg.py
101824$urllib3\poolmanager.py
103861$cryptography\hazmat\primitives\hashes.py
164039$PyInstaller\loader\pyimod04_ctypes.py
14451$requests\auth.py
134744$psutil\_pswindows.py
17778$Crypto\Cipher\_mode_siv.py
176064$hashlib.py
103892$cryptography\x509\__init__.py
101785$requests\hooks.py
101414$gzip.py
112665$keyboard\_canonical_names.py
31719$pyasn1\compat\integer.py
134484$Crypto\Protocol\KDF.py
134655$importlib_metadata\_itertools.py
103451$tarfile.py
52739$idna\uts46data.py
134946$yarl\_url.py
103993$requests\auth.py
129466$cryptography\hazmat\backends\openssl\x509.py
31709$pyasn1\codec\ber\decoder.py
103690$netrc.py
112764$urllib3\request.py
103882$cryptography\hazmat\primitives\serialization\pkcs7.py
14501$urllib3\contrib\socks.py
31758$requests\auth.py
134576$dhooks\client.py
2098$PIL\PyAccess.py
104052$urllib3\util\ssl_.py
162647$numpy\lib\shape_base.py
170859$idna\uts46data.py
162756$setuptools\namespaces.py
162855$win32com\client\genpy.py
103960$logging\__init__.py
162616$numpy\core\overrides.py
39372$PyInstaller\hooks\rthooks\pyi_rth_pkgutil.py
162680$numpy\testing\_private\parameterized.py
103424$pdb.py
14424$PIL\SgiImagePlugin.py
129452$cryptography\hazmat\backends\openssl\dh.py
12128$PIL\Image.py
112641$http\client.py
101430$pdb.py
134671$keyring\backend.py
101570$comtypes\client\_code_cache.py
103657$base64.py
162622$numpy\core\_asarray.py
101612$Core\Other\Rotate.py
176373$idna\uts46data.py
134682$keyring\backends\Windows.py
101703$http\cookiejar.py
134793$secretstorage\item.py
134402$browser_cookie3\__init__.py
111818$cffi\verifier.py
122116$C:\Users\Lunie\AppData\Local\Programs\Python\Python39\Lib\site-packages\PyInstaller\hooks\rthooks\pyi_rth_multiprocessing.py
39381$cgi.py
101800$telebot\types.py
104066$xmlrpc\client.py
162673$numpy\polynomial\__init__.py
103845$cryptography\hazmat\backends\openssl\encode_asn1.py
181889$ftplib.py
164571$numpy\core\numerictypes.py
179911$urllib\request.py
103399$difflib.py
27817$tarfile.py
31311$gettext.py
44786$hashlib.py
164850$telebot\apihelper.py
114452$c:\users\demo\appdata\local\programs\python\python39-32\lib\site-packages\PyInstaller\loader\pyimod01_os_path.py
164910$win32com\client\makepy.py
164582$numpy\core\_internal.py
164613$numpy\linalg\linalg.py
101168$Crypto\Cipher\_mode_ofb.py
163374$tokenize.py
134329$aiohttp\http_parser.py
101028$struct.py
134238$gzip.py
101139$asyncio\selector_events.py
101079$pprint.py
164897$urllib3\util\ssl_.py
115949$setuptools\extern\__init__.py
4369$numpy\linalg\linalg.py
164627$numpy\polynomial\polyutils.py
39408$lzma.py
163387$_pydecimal.py
4278$mss\linux.py
109754$urllib3\packages\backports\makefile.py
164596$numpy\lib\histograms.py
164607$numpy\lib\ufunclike.py
129188$pathlib.py
164747$psutil\__init__.py
112368$pdb.py
101119$_py_abc.py
101288$PIL\IcoImagePlugin.py
164565$numpy\core\function_base.py
115699$asyncio\unix_events.py
182068$email\_header_value_parser.py
164425$ctypes\macholib\dyld.py
134358$aiohttp\__init__.py
101059$hashlib.py
101148$asyncio\unix_events.py
134309$_pydecimal.py
31305$fnmatch.py
164633$numpy\testing\_private\decorators.py
107483$gettext.py
31282$lib\struct.py
1968$numpy\core\arrayprint.py
103139$urllib3\util\ssltransport.py
27765$difflib.py
164883$urllib3\contrib\socks.py
136269$pyaes\blockfeeder.py
164551$numpy\ctypeslib.py
162653$numpy\lib\_datasource.py
101820$urllib3\connectionpool.py
101723$json\encoder.py
111978$pycparser\ast_transforms.py
129601$keyboard\_winkeyboard.py
103865$cryptography\hazmat\primitives\asymmetric\ec.py
122167$pdb.py
162602$numpy\compat\py3k.py
101772$pyttsx3\engine.py
103677$ftplib.py
111869$distutils\core.py
103737$typing.py
162841$urllib3\util\retry.py
103834$cryptography\hazmat\backends\__init__.py
101410$getopt.py
103684$hashlib.py
103987$OpenSSL\_util.py
129532$distutils\msvc9compiler.py
134740$psutil\_pslinux.py
14455$requests\exceptions.py
162531$http\server.py
137469$email\message.py
14515$urllib3\util\ssl_.py
101501$asyncio\selector_events.py
101690$email\message.py
103404$ftplib.py
101606$Core\Network\Information.py
134696$multidict\__init__.py
129664$PIL\ImageQt.py
162636$numpy\lib\arraysetops.py
101845$urllib3\util\retry.py
103643$xml\sax\_exceptions.py
101657$ctypes\util.py
103752$asyncio\base_events.py
162667$numpy\polynomial\hermite_e.py
103612$test\support\__init__.py
101535$chardet\jpcntx.py
134634$http\client.py
17599$typing.py
103570$lib2to3\fixer_util.py
14461$requests\structures.py
120365$D:\Users\romaz\AppData\Local\Programs\Python\Python39\Lib\site-packages\PyInstaller\hooks\rthooks\pyi_rth_multiprocessing.py
164118$shutil.py
134665$jeepney\io\common.py
101564$comtypes\_comobject.py
31729$pyasn1\type\tag.py
134826$setuptools\_vendor\pyparsing.py
129446$cryptography\hazmat\backends\__init__.py
129456$cryptography\hazmat\backends\openssl\ed448.py
101574$comtypes\server\__init__.py
170688$pathlib.py
14471$telebot\types.py
134927$win32ctypes\pywin32\__init__.py
112754$urllib\parse.py
39385$configparser.py
101804$unittest\case.py
162677$numpy\testing\_private\decorators.py
134894$win32com\client\build.py
101707$idna\core.py
101855$xml\dom\minicompat.py
162626$numpy\core\_internal.py
103653$C:\Users\hs\AppData\Local\Programs\Python\Python39\Lib\site-packages\PyInstaller\hooks\rthooks\pyi_rth_multiprocessing.py
176237$cryptography\hazmat\backends\openssl\ciphers.py
162865$win32comext\shell\shellcon.py
102778$shutil.py
129573$http\cookies.py
111698$ftplib.py
130188$PIL\ImageShow.py
103554$http\cookiejar.py
101451$socket.py
102729$csv.py
176021$doc_details.py
101791$requests\utils.py
101400$csv.py
129462$cryptography\hazmat\backends\openssl\rsa.py
162851$win32com\client\build.py
103727$subprocess.py
134523$cryptography\hazmat\backends\openssl\x509.py
103824$concurrent\futures\_base.py
162612$numpy\core\memmap.py
129491$cryptography\hazmat\primitives\ciphers\base.py
112682$mss\windows.py
111968$pkg_resources\_vendor\packaging\requirements.py
101673$distutils\file_util.py
103875$cryptography\hazmat\primitives\ciphers\algorithms.py
129580$idna\uts46data.py
101830$urllib3\contrib\pyopenssl.py
162643$numpy\lib\nanfunctions.py
101733$keyboard\__init__.py
164681$PIL\ImageQt.py
164510$keyboard\_darwinkeyboard.py
14178$comtypes\tools\codegenerator.py
109432$socket.py
1978$numpy\core\numerictypes.py
103129$urllib3\packages\backports\makefile.py
31292$code.py
164623$numpy\polynomial\hermite_e.py
31383$_pydecimal.py
162168$C:\Users\Admin\AppData\Local\Programs\Python\Python39\Lib\site-packages\PyInstaller\hooks\rthooks\pyi_rth_win32comgenpy.py
134319$aiohttp\client_reqrep.py
101158$Crypto\Cipher\AES.py
164524$mss\screenshot.py
101049$doctest.py
134348$aiohttp\web_middlewares.py
134208$argparse.py
101298$PIL\ImageShow.py
101109$uu.py
164854$telebot\__init__.py
114456$c:\users\demo\appdata\local\programs\python\python39-32\lib\struct.py
130423$email\message.py
164617$numpy\ma\mrecords.py
164586$numpy\core\_ufunc_config.py
52296$C:\Users\evilp\AppData\Local\Programs\Python\Python39\Lib\site-packages\PyInstaller\hooks\rthooks\pyi_rth_multiprocessing.py
164706$PIL\PyAccess.py
109764$urllib3\util\ssltransport.py
164646$packaging\specifiers.py
115928$setuptools\monkey.py
4319$numpy\core\einsumfunc.py
137192$hashlib.py
114507$pydoc.py
164606$numpy\lib\type_check.py
164597$numpy\lib\index_tricks.py
129189$pdb.py
39429$random.py
164746$psutil\_pswindows.py
164845$simplejson\scanner.py
164564$numpy\core\fromnumeric.py
3949$gettext.py
101289$PIL\Image.py
101118$_pydecimal.py
101058$gzip.py
134359$asyncio\base_events.py
31355$statistics.py
52334$gettext.py
101149$asyncio\windows_events.py
31304$doctest.py
164871$urllib3\connection.py
1788$tarfile.py
107653$lib2to3\pgen2\tokenize.py
163392$asyncio\base_events.py
179691$C:\Users\avese\AppData\Local\Programs\Python\Python39\Lib\site-packages\PyInstaller\hooks\rthooks\pyi_rth_multiprocessing.py
27797$pydoc.py
179722$hashlib.py
31330$pickle.py
1969$numpy\core\defchararray.py
137155$C:\Users\Admin\AppData\Local\Programs\Python\Python39\Lib\site-packages\_pyinstaller_hooks_contrib\hooks\rthooks\pyi_rth_certifi.py
136268$pyaes\aes.py
114480$ftplib.py
164882$urllib3\contrib\pyopenssl.py
164410$cryptography\hazmat\primitives\serialization\ssh.py
1878$ctypes\_aix.py
101722$json\decoder.py
162652$numpy\lib\utils.py
101821$urllib3\exceptions.py
103864$cryptography\hazmat\primitives\asymmetric\dsa.py
102899$comtypes\client\_code_cache.py
111979$pycparser\c_ast.py
101662$ctypes\macholib\dyld.py
162811$urllib\parse.py
111868$distutils\config.py
162603$numpy\compat\_inspect.py
122166$pathlib.py
129480$cryptography\hazmat\primitives\asymmetric\ec.py
103835$cryptography\hazmat\backends\openssl\aead.py
162743$requests\utils.py
101633$Crypto\Cipher\_mode_ecb.py
129473$cryptography\hazmat\primitives\hashes.py
162561$mss\base.py
103986$OpenSSL\version.py
101780$requests\auth.py
136755$urllib3\connection.py
176030$C:\Users\trust\AppData\Local\Programs\Python\Python39\Lib\site-packages\PyInstaller\hooks\rthooks\pyi_rth_win32comgenpy.py
162421$Core\Other\Rotate.py
4463$urllib3\packages\backports\makefile.py
162530$http\cookies.py
134741$psutil\_psosx.py
130348$typing.py
176061$gettext.py
130208$PIL\PngImagePlugin.py
130199$PIL\MpoImagePlugin.py
14514$urllib3\util\retry.py
30666$ts.py
134697$multiprocessing\connection.py
101607$Core\Network\Location.py
122152$hashlib.py
103941$idna\core.py
162637$numpy\lib\arrayterator.py
101844$urllib3\util\response.py
103850$cryptography\hazmat\backends\openssl\rsa.py
129937$difflib.py
129877$win32com\client\selecttlb.py
101716$importlib\resources.py
103582$lib2to3\pgen2\tokenize.py
162666$numpy\polynomial\hermite.py
14493$urllib3\fields.py
120397$hashlib.py
103431$pydoc.py
14460$requests\status_codes.py
103571$lib2to3\patcomp.py
101565$comtypes\_meta.py
136761$urllib3\request.py
31668$multiprocessing\forkserver.py
134664$jeepney\io\blocking.py
129507$cryptography\x509\__init__.py
4457$urllib3\contrib\pyopenssl.py
129447$cryptography\hazmat\backends\openssl\aead.py
31728$pyasn1\type\namedval.py
103520$distutils\dir_util.py
129457$cryptography\hazmat\backends\openssl\encode_asn1.py
101575$comtypes\tools\codegenerator.py
162794$telebot\apihelper.py
39377$bdb.py
52619$cryptography\hazmat\backends\openssl\encode_asn1.py
134765$pywin\dialogs\status.py
31769$requests\utils.py
112755$urllib\request.py
4416$requests\status_codes.py
134926$win32ctypes\pywin32\win32cred.py
129764$requests\utils.py
103840$cryptography\hazmat\backends\openssl\dh.py
162835$urllib3\packages\ssl_match_hostname\__init__.py
129836$urllib3\connectionpool.py
103652$C:\Users\hs\AppData\Local\Programs\Python\Python39\Lib\site-packages\_pyinstaller_hooks_contrib\hooks\rthooks\pyi_rth_certifi.py
176236$cryptography\hazmat\backends\openssl\backend.py
101854$xml\dom\expatbuilder.py
162627$numpy\core\_methods.py
30736$tarfile.py
101617$Core\Settings\CriticalProcess.py
134687$keyring\util\properties.py
130218$PIL\WebPImagePlugin.py
101510$asyncio\unix_events.py
45115$mss\windows.py
103887$cryptography\x509\extensions.py
129572$http\cookiejar.py
103555$http\server.py
176131$_markupbase.py
4473$urllib3\util\ssltransport.py
166038$tarfile.py
101790$requests\structures.py
129942$ftplib.py
101623$Core\Stealer\Telegram.py
129490$cryptography\hazmat\primitives\ciphers\algorithms.py
101860$xml\dom\__init__.py
162613$numpy\core\multiarray.py
129610$mss\screenshot.py
103874$cryptography\hazmat\primitives\ciphers\aead.py
103777$asyncio\unix_events.py
101672$distutils\filelist.py
111969$pkg_resources\_vendor\packaging\specifiers.py
357$tarfile.py
101732$keyboard\_winkeyboard.py
101831$urllib3\contrib\socks.py
162642$numpy\lib\mixins.py
103934$html\entities.py
163320$fnmatch.py
103039$mss\windows.py
164892$urllib3\util\connection.py
31371$webbrowser.py
27774$gettext.py
14179$comtypes\tools\tlbparser.py
14039$pydoc.py
1979$numpy\core\overrides.py
164622$numpy\polynomial\hermite.py
31382$_osx_support.py
101388$bisect.py
31314$hashlib.py
134318$aiohttp\client_proto.py
181301$pydoc.py
101159$Crypto\Cipher\_EKSBlowfish.py
134349$aiohttp\web_protocol.py
101048$dis.py
164574$numpy\core\shape_base.py
101108$typing.py
101299$PIL\ImageTk.py
163314$csv.py
134209$ast.py
164587$numpy\core\__init__.py
164616$numpy\ma\extras.py
52297$C:\Users\evilp\AppData\Local\Programs\Python\Python39\Lib\site-packages\PyInstaller\hooks\rthooks\pyi_rth_pkgres.py
44783$gettext.py
115929$setuptools\msvc.py
164647$packaging\tags.py
129339$comtypes\npsupport.py
39448$threading.py
107486$hashlib.py
164875$urllib3\filepost.py
18098$requests\compat.py
164636$numpy\testing\_private\parameterized.py
115958$setuptools\_vendor\packaging\utils.py
101068$numbers.py
114484$gettext.py
101128$asyncio\coroutines.py
164554$numpy\_globals.py
134338$aiohttp\signals.py
101039$colorsys.py
101179$Crypto\Protocol\KDF.py
31274$lib\site-packages\PyInstaller\loader\pyimod02_archive.py
164602$numpy\lib\scimath.py
164841$simplejson\encoder.py
164653$packaging\__init__.py
52330$ftplib.py
31300$datetime.py
163300$argparse.py
109442$tarfile.py
103159$xml\sax\xmlreader.py
101652$Crypto\Util\strxor.py
162821$urllib3\request.py
103854$cryptography\hazmat\backends\openssl\x509.py
162722$pywin\dialogs\list.py
14497$urllib3\response.py
23693$pydoc.py
111809$cffi\cparser.py
103706$pytransform.py
326$pathlib.py
129962$pathlib.py
162773$setuptools\command\sdist.py
103945$idna\uts46data.py
162633$numpy\fft\_pocketfft.py
101840$urllib3\util\connection.py
101743$mss\windows.py
129503$cryptography\x509\general_name.py
102708$C:\Users\NeonT\AppData\Local\Programs\Python\Python39\Lib\site-packages\PyInstaller\hooks\rthooks\pyi_rth_multiprocessing.py
134660$jeepney\low_level.py
101561$comtypes\persist.py
130269$C:\Users\win10\AppData\Local\Programs\Python\Python39\Lib\site-packages\PyInstaller\hooks\rthooks\pyi_rth_multiprocessing.py
101421$mimetypes.py
134720$pkg_resources\__init__.py
134932$xml\etree\ElementTree.py
102759$pickle.py
112741$telebot\__init__.py
101470$wave.py
162691$pkg_resources\_vendor\packaging\tags.py
137518$mss\linux.py
39363$gen.py
14464$requests\__init__.py
129484$cryptography\hazmat\primitives\asymmetric\rsa.py
30716$pydoc.py
162607$numpy\core\einsumfunc.py
162596$numpy\_distributor_init.py
103672$difflib.py
112506$comtypes\__init__.py
312$hashlib.py
103831$cryptography\hazmat\_oid.py
162656$numpy\lib\__init__.py
101825$urllib3\request.py
170848$html\entities.py
101726$keyboard\_canonical_names.py
101666$distutils\ccompiler.py
162815$urllib3\connection.py
129595$keyboard\_canonical_names.py
129604$mss\base.py
19698$D:\python\Lib\site-packages\PyInstaller\hooks\rthooks\pyi_rth_multiprocessing.py
103541$email\message.py
134745$psutil\__init__.py
14450$requests\api.py
14510$urllib3\util\connection.py
101504$asyncio\streams.py
103401$doctest.py
112775$urllib3\packages\backports\makefile.py
101415$hashlib.py
101784$requests\exceptions.py
103681$gettext.py
177218$Crypto\Cipher\_mode_siv.py
164129$subprocess.py
101555$comtypes\errorinfo.py
134654$importlib_metadata\_compat.py
164139$typing.py
112674$mss\base.py
101405$doctest.py
164079$gettext.py
134807$setuptools\sandbox.py
177199$cffi\__init__.py
14500$urllib3\contrib\pyopenssl.py
52769$mss\screenshot.py
45111$mss\linux.py
103883$cryptography\hazmat\primitives\serialization\ssh.py
103411$hashlib.py
101514$certifi\core.py
103551$html\entities.py
129436$Crypto\Util\__init__.py
134577$dhooks\embed.py
112407$typing.py
103773$asyncio\tasks.py
176086$pydoc.py
103870$cryptography\hazmat\primitives\asymmetric\utils.py
162646$numpy\lib\scimath.py
103930$email\mime\multipart.py
101736$mss\darwin.py
162854$win32com\client\gencache.py
129946$gettext.py
162757$setuptools\package_index.py
162617$numpy\core\records.py
101460$tarfile.py
129793$setuptools\command\sdist.py
23670$gettext.py
162681$numpy\testing\_private\utils.py
102749$mimetypes.py
101431$pickle.py
43478$hashlib.py
12069$http\client.py
103474$asyncio\base_events.py
101571$comtypes\client\_events.py
101850$urllib3\util\wait.py
162623$numpy\core\_dtype.py
104036$urllib3\contrib\socks.py
103656$ast.py
276$C:\Users\gay\AppData\Local\Programs\Python\Python39\Lib\site-packages\PyInstaller\hooks\rthooks\pyi_rth_multiprocessing.py
101613$Core\Other\SendKeys.py
101582$concurrent\futures\thread.py
162763$setuptools\wheel.py
129671$PIL\Jpeg2KImagePlugin.py
101801$telebot\util.py
162672$numpy\polynomial\_polybase.py
111819$cffi\__init__.py
101702$http\client.py
103747$_pydecimal.py
101642$Crypto\Hash\HMAC.py
103844$cryptography\hazmat\backends\openssl\ed448.py
179910$urllib\parse.py
164570$numpy\core\numeric.py
14398$PIL\ImageQt.py
44774$difflib.py
103118$urllib3\request.py
103058$multiprocessing\spawn.py
163341$pathlib.py
114620$html\entities.py
164703$PIL\PngImagePlugin.py
114453$c:\users\demo\appdata\local\programs\python\python39-32\lib\site-packages\PyInstaller\loader\pyimod02_archive.py
137246$typing.py
164583$numpy\core\_methods.py
163375$tracemalloc.py
101169$Crypto\Cipher\_mode_openpgp.py
27770$ftplib.py
164684$PIL\ImageTk.py
182018$Core\Other\Clipboard.py
101029$argparse.py
134328$aiohttp\http_exceptions.py
101138$asyncio\runners.py
134239$hashlib.py
164896$urllib3\util\retry.py
101078$posixpath.py
39549$attr\validators.py
164626$numpy\polynomial\polynomial.py
114527$tarfile.py
115948$setuptools\command\__init__.py
31386$_threading_local.py
163297$C:\Users\cypri\AppData\Local\Programs\Python\Python39\Lib\site-packages\PyInstaller\hooks\rthooks\pyi_rth_multiprocessing.py
107616$email\message.py
4339$numpy\core\_methods.py
164677$PIL\ImageFile.py
39689$multidict\_multidict_py.py
170696$pydoc.py
102800$webbrowser.py
129508$ctypes\util.py
52657$cryptography\hazmat\primitives\serialization\ssh.py
129448$cryptography\hazmat\backends\openssl\backend.py
31727$pyasn1\type\namedtype.py
2105$PIL\WebPImagePlugin.py
31875$urllib3\util\url.py
129788$setuptools\command\bdist_egg.py
181893$gettext.py
134789$secretstorage\collection.py
31414$asyncio\windows_events.py
162669$numpy\polynomial\legendre.py
101599$Core\Fun\Speak.py
101608$Core\Other\Clipboard.py
162638$numpy\lib\format.py
31841$urllib\parse.py
52931$PIL\PdfParser.py
111985$pycparser\__init__.py
31602$distutils\msvc9compiler.py
102766$pydoc.py
181945$typing.py
2020$numpy\linalg\linalg.py
111894$distutils\command\sdist.py
102737$ftplib.py
111867$distutils\cmd.py
2082$PIL\JpegPresets.py
19693$FreeNitro2021.py
111976$pkg_resources\_vendor\packaging\__about__.py
52882$numpy\testing\_private\utils.py
130165$PIL\EpsImagePlugin.py
101063$lzma.py
39770$urllib3\util\connection.py
44809$pydoc.py
101123$asyncio\base_events.py
101032$bdb.py
134273$shutil.py
101172$Crypto\Hash\BLAKE2s.py
137238$tarfile.py
162220$pdb.py
39443$subprocess.py
14344$mss\screenshot.py
1995$numpy\fft\_pocketfft.py
101350$unittest\util.py
115842$PIL\IcoImagePlugin.py
101210$distutils\util.py
115902$pkg_resources\_vendor\packaging\version.py
101090$signal.py
101301$PIL\ImtImagePlugin.py
134391$attr\filters.py
101241$importlib\util.py
112030$setuptools\_vendor\pyparsing.py
101146$asyncio\transports.py
1711$PyInstaller\loader\pyimod04_ctypes.py
179719$gettext.py
109418$pydoc.py
136313$C:\Users\frffu\AppData\Local\Programs\Python\Python39\Lib\site-packages\_pyinstaller_hooks_contrib\hooks\rthooks\pyi_rth_certifi.py
1740$ftplib.py
101117$_osx_support.py
101286$PIL\Hdf5StubImagePlugin.py
53146$xml\etree\ElementPath.py
101057$glob.py
134356$aiohttp\web_ws.py
101275$PIL\EpsImagePlugin.py
112004$setuptools\extension.py
4347$numpy\lib\arraypad.py
164609$numpy\lib\_datasource.py
101224$email\policy.py
120534$http\server.py
39467$_strptime.py
162195$doctest.py
164708$PIL\SpiderImagePlugin.py
115926$setuptools\glob.py
101234$http\client.py
164648$packaging\utils.py
162344$chardet\jpcntx.py
129347$comtypes\__init__.py
101325$PIL\TgaImagePlugin.py
112014$setuptools\version.py
101265$multiprocessing\util.py
129196$pydoc.py
134346$aiohttp\web_fileresponse.py
103142$urllib3\util\url.py
101047$difflib.py
3956$ipaddress.py
112376$pydoc.py
101296$PIL\ImageQt.py
134197$main.py
134206$C:\Users\Kazama\AppData\Local\Programs\Python\Python39\Lib\site-packages\PyInstaller\hooks\rthooks\pyi_rth_win32comgenpy.py
101387$bdb.py
134317$aiohttp\client_exceptions.py
18015$PIL\ImageQt.py
39494$aiohttp\signals.py
162166$C:\Users\Admin\AppData\Local\Programs\Python\Python39\Lib\site-packages\PyInstaller\hooks\rthooks\pyi_rth_pkgres.py
176437$PIL\ImageGrab.py
115943$setuptools\command\egg_info.py
112020$setuptools\command\bdist_egg.py
101251$multiprocessing\pool.py
39402$glob.py
14305$http\client.py
101311$PIL\PaletteFile.py
101080$pydoc.py
112071$win32com\client\selecttlb.py
101200$distutils\dep_util.py
39513$aiohttp\worker.py
1985$numpy\core\_dtype.py
39453$typing.py
101340$tkinter\ttk.py
14176$comtypes\client\__init__.py
11910$typing.py
39671$idna\uts46data.py
101162$Crypto\Cipher\_mode_cfb.py
1735$difflib.py
134323$aiohttp\formdata.py
101022$PyInstaller\loader\pyiboot01_bootstrap.py
39731$requests\__init__.py
1976$numpy\core\multiarray.py
134232$ftplib.py
101133$asyncio\locks.py
101073$pdb.py
39760$urllib3\contrib\pyopenssl.py
162292$asyncio\proactor_events.py
166304$keyboard\_canonical_names.py
170913$requests\utils.py
164190$bcrypt\__init__.py
2092$PIL\PdfImagePlugin.py
170853$http\server.py
31521$cryptography\hazmat\backends\openssl\ciphers.py
309$gettext.py
103729$tarfile.py
130124$http\client.py
31643$http\cookies.py
12056$email\message.py
2030$numpy\polynomial\hermite_e.py
163492$multiprocessing\reduction.py
111995$pywin\mfc\dialog.py
130217$PIL\TiffTags.py
130186$PIL\ImageQt.py
103888$cryptography\x509\general_name.py
177083$ftplib.py
31851$urllib3\request.py
43952$C:\Users\user\AppData\Local\Programs\Python\Python39\Lib\site-packages\_pyinstaller_hooks_contrib\hooks\rthooks\pyi_rth_certifi.py
162768$setuptools\command\bdist_egg.py
170675$hashlib.py
134519$cryptography\hazmat\backends\openssl\rsa.py
134688$keyring\util\__init__.py
31795$setuptools\command\easy_install.py
129868$win32com\universal.py
134799$setuptools\dist.py
111812$cffi\lock.py
111711$netrc.py
177104$pdb.py
162679$numpy\testing\_private\nosetester.py
31766$requests\sessions.py
129458$cryptography\hazmat\backends\openssl\hashes.py
2004$numpy\lib\index_tricks.py
17944$idna\uts46data.py
31737$pycparser\c_parser.py
164106$pyparsing.py
111890$distutils\command\build_ext.py
130312$pathlib.py
17964$multiprocessing\connection.py
2024$numpy\ma\mrecords.py
134818$setuptools\command\egg_info.py
129478$cryptography\hazmat\primitives\asymmetric\dh.py
130252$xml\etree\ElementTree.py
2075$PIL\ImageShow.py
17935$http\client.py
102762$plistlib.py
111981$pycparser\c_parser.py
162659$numpy\ma\core.py
31424$cffi\ffiplatform.py
101729$keyboard\_keyboard_event.py
101669$distutils\dir_util.py
111972$pkg_resources\_vendor\packaging\version.py
111760$uuid.py
162608$numpy\core\fromnumeric.py
101778$requests\adapters.py
44011$pydoc.py
111923$http\client.py
163424$concurrent\futures\_base.py
176359$email\mime\text.py
181864$API.py
166046$typing.py
2101$PIL\SunImagePlugin.py
2041$numpy\testing\_private\noseclasses.py
102707$C:\Users\NeonT\AppData\Local\Programs\Python\Python39\Lib\site-packages\_pyinstaller_hooks_contrib\hooks\rthooks\pyi_rth_certifi.py
130266$c:\users\win10\appdata\local\programs\python\python39\lib\site-packages\PyInstaller\loader\pyimod01_os_path.py
135991$payload.py
31723$pyasn1\type\base.py
2010$numpy\lib\shape_base.py
19741$pathlib.py
31501$Crypto\Util\number.py
111857$ctypes\util.py
103649$PyInstaller\loader\pyimod01_os_path.py
14498$urllib3\_collections.py
164361$cryptography\hazmat\backends\openssl\ciphers.py
111705$hashlib.py
103618$unittest\main.py
103589$multiprocessing\managers.py
17560$pdb.py
111806$cffi\api.py
101282$PIL\GifImagePlugin.py
101113$_aix_support.py
1744$gettext.py
129171$gettext.py
39600$charset_normalizer\legacy.py
134352$aiohttp\web_routedef.py
101053$genericpath.py
103156$xml\sax\expatreader.py
134243$ipaddress.py
101142$asyncio\streams.py
115782$html\parser.py
134303$zipp.py
101220$email\headerregistry.py
115932$setuptools\py31compat.py
101360$xml\etree\ElementInclude.py
115771$email\message.py
122464$keyboard\_canonical_names.py
129213$socks.py
101271$PIL\BufrStubImagePlugin.py
103374$m1ain.pyw
112000$setuptools\archive_util.py
101331$PIL\XpmImagePlugin.py
39725$requests\packages.py
1962$numpy\_pytesttester.py
134337$aiohttp\resolver.py
101036$cmd.py
101176$Crypto\Hash\SHA1.py
115567$payload.py
39665$http\server.py
101067$nturl2path.py
18064$pkg_resources\_vendor\packaging\tags.py
103022$keyboard\_canonical_names.py
134395$attr\_compat.py
101305$PIL\JpegPresets.py
101094$stat.py
162275$_pydecimal.py
129227$tracemalloc.py
164639$OpenSSL\crypto.py
39556$attr\_version_info.py
101245$logging\__init__.py
115957$setuptools\_vendor\packaging\tags.py
112034$setuptools\_vendor\packaging\specifiers.py
136041$pathlib.py
101354$urllib\parse.py
1991$numpy\core\_type_aliases.py
115745$distutils\msvc9compiler.py
4326$numpy\core\numeric.py
101214$email\contentmanager.py
112065$win32com\client\build.py
164678$PIL\ImageFilter.py
165986$ftplib.py
112075$win32com\server\exception.py
101195$ctypes\macholib\framework.py
101204$distutils\filelist.py
134294$typing_extensions.py
101344$unittest\loader.py
115755$distutils\command\build_ext.py
1981$numpy\core\shape_base.py
164738$psutil\_common.py
164629$numpy\polynomial\__init__.py
112024$setuptools\command\py36compat.py
115947$setuptools\command\setopt.py
101255$multiprocessing\popen_spawn_win32.py
101084$random.py
101315$PIL\PdfImagePlugin.py
31389$asyncio\base_futures.py
112346$ftplib.py
101137$asyncio\queues.py
134236$gettext.py
1760$pathlib.py
164899$urllib3\util\url.py
101077$plistlib.py
112317$C:\Users\Administrator\AppData\Local\Programs\Python\Python39\Lib\site-packages\PyInstaller\hooks\rthooks\pyi_rth_multiprocessing.py
101166$Crypto\Cipher\_mode_gcm.py
3937$csv.py
1972$numpy\core\function_base.py
101026$C:\Users\Darkin Man\AppData\Local\Programs\Python\Python39\Lib\site-packages\PyInstaller\hooks\rthooks\pyi_rth_multiprocessing.py
101321$PIL\PyAccess.py
4353$numpy\lib\index_tricks.py
112010$setuptools\py34compat.py
101261$multiprocessing\sharedctypes.py
176580$sqlite3\dump.py
101370$xml\sax\_exceptions.py
137189$gettext.py
115621$pdb.py
112041$setuptools\_vendor\packaging\__about__.py
115922$setuptools\depends.py
101230$email\_policybase.py
182023$Core\Other\SendKeys.py
162162$PyInstaller\loader\pyimod02_archive.py
11860$hashlib.py
18011$PIL\ImageFilter.py
115891$pkg_resources\__init__.py
101383$API.py
134253$pathlib.py
11920$_markupbase.py
39750$urllib3\connectionpool.py
101043$copy.py
134202$C:\Users\Kazama\AppData\Local\Programs\Python\Python39\Lib\site-packages\_pyinstaller_hooks_contrib\hooks\rthooks\pyi_rth_certifi.py
101103$threading.py
101292$PIL\ImageFile.py
39610$colorama\win32.py
3952$hashlib.py
111816$cffi\vengine_cpy.py
130005$_compat_pickle.py
122149$gettext.py
2000$numpy\lib\financial.py
31830$unittest\loader.py
164042$C:\Users\mithu\AppData\Local\Programs\Python\Python39\Lib\site-packages\PyInstaller\hooks\rthooks\pyi_rth_pkgres.py
166007$pathlib.py
164382$cryptography\hazmat\bindings\openssl\_conditional.py
2051$PIL\DdsImagePlugin.py
102746$inspect.py
164153$_markupbase.py
129949$hashlib.py
162618$numpy\core\shape_base.py
111873$distutils\dist.py
163465$http\cookiejar.py
111962$pkg_resources\__init__.py
134578$dhooks\file.py
162649$numpy\lib\twodim_base.py
101739$mss\linux.py
177087$gettext.py
130182$PIL\ImageFile.py
2065$PIL\IcoImagePlugin.py
129439$cryptography\__about__.py
134859$urllib3\connectionpool.py
111880$distutils\msvc9compiler.py
134808$setuptools\ssl_support.py
31804$setuptools\_vendor\pyparsing.py
2034$numpy\polynomial\polyutils.py
109394$gettext.py
129479$cryptography\hazmat\primitives\asymmetric\dsa.py
130313$pdb.py
111891$distutils\command\build_scripts.py
102971$distutils\spawn.py
102732$difflib.py
137522$mss\windows.py
111980$pycparser\c_lexer.py
129568$html\entities.py
101728$keyboard\_generic.py
162718$pyttsx3\drivers\dummy.py
111670$C:\Users\user\AppData\Local\Programs\Python\Python39\Lib\site-packages\PyInstaller\hooks\rthooks\pyi_rth_pkgres.py
101668$distutils\dep_util.py
102982$email\generator.py
101779$requests\api.py
162609$numpy\core\function_base.py
162598$numpy\_pytesttester.py
31534$cryptography\hazmat\backends\openssl\rsa.py
52840$numpy\lib\function_base.py
2100$PIL\SpiderImagePlugin.py
102757$pathlib.py
164142$wave.py
2040$numpy\testing\_private\decorators.py
17603$webbrowser.py
44317$mss\windows.py
130267$c:\users\win10\appdata\local\programs\python\python39\lib\site-packages\PyInstaller\loader\pyimod02_archive.py
2011$numpy\lib\stride_tricks.py
45208$urllib3\packages\backports\makefile.py
43807$mss\windows.py
181455$http\client.py
177140$typing.py
181896$hashlib.py
163440$distutils\util.py
111807$cffi\cffi_opcode.py
164360$cryptography\hazmat\backends\openssl\backend.py
177111$pydoc.py
39601$charset_normalizer\md.py
101112$zipimport.py
101052$ftplib.py
134353$aiohttp\web_runner.py
11820$payload.py
39650$email\message.py
101143$asyncio\subprocess.py
1714$C:\python3\Lib\site-packages\PyInstaller\hooks\rthooks\pyi_rth_pkgutil.py
136347$gettext.py
101392$cmd.py
162173$ast.py
1957$numpy\ctypeslib.py
14017$hashlib.py
101221$email\iterators.py
115933$setuptools\sandbox.py
129243$_markupbase.py
162211$mimetypes.py
101361$xml\etree\ElementPath.py
101270$PIL\BmpImagePlugin.py
112390$socket.py
115962$setuptools\_vendor\packaging\__about__.py
112001$setuptools\config.py
103375$PyInstaller\loader\pyiboot01_bootstrap.py
129352$comtypes\client\_generate.py
4193$Crypto\Util\_raw_api.py
101037$code.py
134336$aiohttp\payload_streamer.py
4105$comtypes\__init__.py
14023$mimetypes.py
1963$numpy\__config__.py
39724$requests\models.py
136373$pydoc.py
101177$Crypto\Hash\SHA256.py
164888$urllib3\packages\backports\makefile.py
101066$ntpath.py
39635$distutils\spawn.py
101126$asyncio\base_tasks.py
134227$difflib.py
14310$idna\core.py
115715$cffi\verifier.py
39417$pathlib.py
101095$statistics.py
101304$PIL\JpegImagePlugin.py
134394$attr\_cmp.py
101244$importlib\__init__.py
112035$setuptools\_vendor\packaging\tags.py
115956$setuptools\_vendor\packaging\specifiers.py
115655$tracemalloc.py
120445$typing.py
101355$urllib\request.py
101184$Crypto\Util\strxor.py
101215$email\encoders.py
112064$win32com\__init__.py
134285$tarfile.py
4327$numpy\core\numerictypes.py
115604$gettext.py
39506$aiohttp\web_request.py
107498$pathlib.py
112074$win32com\server\dispatcher.py
101205$distutils\file_util.py
101194$ctypes\macholib\dylib.py
4337$numpy\core\_exceptions.py
1980$numpy\core\records.py
115754$distutils\command\bdist.py
101345$unittest\main.py
115946$setuptools\command\sdist.py
112025$setuptools\command\sdist.py
101254$multiprocessing\popen_spawn_posix.py
164628$numpy\polynomial\_polybase.py
39407$ipaddress.py
101314$PIL\PcxImagePlugin.py
101085$runpy.py
3967$pdb.py
101076$platform.py
164898$urllib3\util\timeout.py
14062$tarfile.py
14173$comtypes\client\_code_cache.py
112316$C:\Users\Administrator\AppData\Local\Programs\Python\Python39\Lib\site-packages\_pyinstaller_hooks_contrib\hooks\rthooks\pyi_rth_certifi.py
101167$Crypto\Cipher\_mode_ocb.py
134326$aiohttp\helpers.py
176546$setuptools\package_index.py
182016$Core\Network\Information.py
1973$numpy\core\getlimits.py
129342$comtypes\safearray.py
101320$PIL\PsdImagePlugin.py
112011$setuptools\sandbox.py
101260$multiprocessing\resource_tracker.py
4352$numpy\lib\histograms.py
115760$distutils\command\__init__.py
162190$csv.py
101371$xml\sax\__init__.py
115923$setuptools\dist.py
101231$email\__init__.py
115620$pathlib.py
18010$PIL\ImageFile.py
182022$Core\Other\Rotate.py
134252$os.py
176432$PIL\Image.py
101153$concurrent\futures\process.py
134343$aiohttp\web.py
39611$colorama\winterm.py
103396$csv.py
101293$PIL\ImageFilter.py
101102$textwrap.py
134203$C:\Users\Kazama\AppData\Local\Programs\Python\Python39\Lib\site-packages\PyInstaller\hooks\rthooks\pyi_rth_multiprocessing.py
111817$cffi\vengine_gen.py
31893$win32com\server\util.py
45098$keyboard\_canonical_names.py
181886$doctest.py
31541$cryptography\hazmat\bindings\openssl\binding.py
177150$_markupbase.py
45218$urllib3\util\ssltransport.py
103718$smtplib.py
31510$cryptography\fernet.py
111906$email\message.py
2001$numpy\lib\format.py
31732$pyasn1\type\useful.py
102815$asyncio\base_futures.py
162759$setuptools\sandbox.py
164255$comtypes\typeinfo.py
129948$gzip.py
170644$C:\Users\schom\AppData\Local\Programs\Python\Python39\Lib\site-packages\PyInstaller\hooks\rthooks\pyi_rth_multiprocessing.py
111771$_osx_support.py
162619$numpy\core\umath.py
30708$pathlib.py
102780$socket.py
17897$distutils\msvc9compiler.py
101678$distutils\util.py
163464$http\client.py
134579$dhooks\utils.py
111963$pkg_resources\extern\__init__.py
17545$hashlib.py
101738$mss\factory.py
162648$numpy\lib\stride_tricks.py
130183$PIL\ImageFilter.py
111693$difflib.py
52767$mss\linux.py
129438$cryptography\utils.py
2064$PIL\IcnsImagePlugin.py
102930$Core\Main\Audio.py
31646$idna\core.py
134949$_distutils_hack\__init__.py
43442$C:\Users\fraer2335\AppData\Local\Programs\Python\Python39\Lib\site-packages\PyInstaller\hooks\rthooks\pyi_rth_multiprocessing.py
2035$numpy\polynomial\_polybase.py
129469$cryptography\hazmat\bindings\openssl\binding.py
31706$pyasn1\error.py
111881$distutils\spawn.py
129449$cryptography\hazmat\backends\openssl\ciphers.py
134829$setuptools\_vendor\packaging\requirements.py
2015$numpy\lib\utils.py
181861$C:\Users\hadia\AppData\Local\Programs\Python\Python39\Lib\site-packages\PyInstaller\hooks\rthooks\pyi_rth_multiprocessing.py
2104$PIL\TiffTags.py
52904$PIL\Image.py
2044$numpy\testing\_private\utils.py
39369$_pyinstaller_hooks_contrib\hooks\rthooks\pyi_rth_certifi.py
129789$setuptools\command\easy_install.py
134559$cryptography\x509\extensions.py
31555$cryptography\hazmat\primitives\asymmetric\rsa.py
166321$mss\windows.py
31887$win32com\client\selecttlb.py
162668$numpy\polynomial\laguerre.py
31784$setuptools\package_index.py
43803$mss\linux.py
162639$numpy\lib\function_base.py
170724$typing.py
31743$pycparser\ply\yacc.py
2070$PIL\ImageFilter.py
111984$pycparser\yacctab.py
130197$PIL\MicImagePlugin.py
111895$distutils\command\__init__.py
31712$pyasn1\codec\cer\decoder.py
17662$aiohttp\worker.py
103988$OpenSSL\__init__.py
109390$ftplib.py
102835$asyncio\tasks.py
52691$distutils\msvc9compiler.py
102986$email\message.py
111977$pkg_resources\_vendor\packaging\__init__.py
163470$importlib\metadata.py
101062$inspect.py
101122$__future__.py
112353$hashlib.py
39720$requests\compat.py
134332$aiohttp\locks.py
101033$bisect.py
101173$Crypto\Hash\CMAC.py
112093$_distutils_hack\__init__.py
101351$unittest\_log.py
115843$PIL\Image.py
1994$numpy\fft\helper.py
165993$hashlib.py
115600$ftplib.py
103085$requests\status_codes.py
101300$PIL\ImImagePlugin.py
101091$socket.py
39413$numbers.py
120410$pdb.py
14314$idna\uts46data.py
101240$importlib\metadata.py
136343$ftplib.py
1710$PyInstaller\loader\pyimod03_importers.py
101147$asyncio\trsock.py
3916$C:\Program Files\Python39\Lib\site-packages\PyInstaller\hooks\rthooks\pyi_rth_multiprocessing.py
39485$aiohttp\http_parser.py
134306$_compat_pickle.py
101287$PIL\IcnsImagePlugin.py
101116$_compression.py
112367$pathlib.py
129174$hashlib.py
39745$urllib\parse.py
136252$PIL\PyAccess.py
134357$aiohttp\worker.py
101056$gettext.py
164608$numpy\lib\utils.py
164599$numpy\lib\nanfunctions.py
101274$PIL\DdsImagePlugin.py
112005$setuptools\glob.py
115966$tkinter\__init__.py
4317$numpy\core\arrayprint.py
101225$email\quoprimime.py
115937$setuptools\wheel.py
176604$urllib3\request.py
164488$http\server.py
52299$C:\Users\evilp\AppData\Local\Programs\Python\Python39\Lib\site-packages\PyInstaller\hooks\rthooks\pyi_rth_win32comgenpy.py
162205$hashlib.py
164649$packaging\version.py
4307$numpy\ctypeslib.py
112044$sqlite3\dump.py
115927$setuptools\installer.py
101235$http\cookiejar.py
101324$PIL\SunImagePlugin.py
164589$numpy\fft\_pocketfft.py
112015$setuptools\wheel.py
101264$multiprocessing\synchronize.py
39755$urllib3\request.py
101046$decimal.py
134347$aiohttp\web_log.py
176467$PIL\SpiderImagePlugin.py
101106$tracemalloc.py
101297$PIL\ImageSequence.py
134316$aiohttp\client.py
103112$urllib3\connection.py
176436$PIL\ImageFilter.py
101157$Crypto\__init__.py
1803$_compat_pickle.py
109549$cryptography\hazmat\backends\openssl\backend.py
1796$typing.py
112021$setuptools\command\easy_install.py
115942$setuptools\command\easy_install.py
101250$multiprocessing\managers.py
101081$py_compile.py
101310$PIL\MspImagePlugin.py
39403$gzip.py
162260$typing.py
27789$pathlib.py
39512$aiohttp\web_ws.py
162371$comtypes\safearray.py
112070$win32com\client\makepy.py
101190$ctypes\_aix.py
101201$distutils\dir_util.py
101341$tkinter\__init__.py
1984$numpy\core\_asarray.py
134262$pydoc.py
101163$Crypto\Cipher\_mode_ctr.py
115572$C:\Python39\Lib\site-packages\PyInstaller\hooks\rthooks\pyi_rth_multiprocessing.py
1977$numpy\core\numeric.py
4280$mss\screenshot.py
101023$PyInstaller\loader\pyimod01_os_path.py
134322$aiohttp\cookiejar.py
103037$mss\screenshot.py
101132$asyncio\futures.py
129381$Core\Main\Audio.py
134373$asyncio\queues.py
101072$pathlib.py
111967$pkg_resources\_vendor\packaging\markers.py
111664$Adobe.py
2093$PIL\PdfParser.py
103639$xml\sax\expatreader.py
31431$cffi\verifier.py
103728$sysconfig.py
31520$cryptography\hazmat\backends\openssl\backend.py
104008$unittest\async_case.py
52510$comtypes\__init__.py
102996$html\entities.py
31642$http\cookiejar.py
111885$distutils\version.py
2031$numpy\polynomial\laguerre.py
103889$cryptography\x509\name.py
130216$PIL\TiffImagePlugin.py
162629$numpy\core\_type_aliases.py
101619$Core\Settings\Organization.py
162769$setuptools\command\easy_install.py
162678$numpy\testing\_private\noseclasses.py
111710$mimetypes.py
164374$cryptography\hazmat\backends\openssl\rsa.py
111813$cffi\model.py
31767$requests\status_codes.py
39379$bz2.py
2054$PIL\FitsStubImagePlugin.py
2005$numpy\lib\mixins.py
43532$typing.py
129459$cryptography\hazmat\backends\openssl\hmac.py
129688$PIL\PsdImagePlugin.py
102712$API.py
